# JRE version: OpenJDK Runtime Environment (Zulu 8.58.0.13-CA-macos-aarch64) (8.0_312-b07) (build 1.8.0_312-b07)
# Java VM: OpenJDK 64-Bit Server VM (25.312-b07 mixed mode bsd-aarch64 compressed oops)
Heap:
 PSYoungGen      total 141824K, used 40221K [0x000000076ab00000, 0x0000000777280000, 0x00000007c0000000)
  eden space 131072K, 22% used [0x000000076ab00000,0x000000076c7cbbd8,0x0000000772b00000)
  from space 10752K, 99% used [0x0000000772b00000,0x000000077357bac8,0x0000000773580000)
  to   space 10752K, 0% used [0x0000000776800000,0x0000000776800000,0x0000000777280000)
 ParOldGen       total 113664K, used 13311K [0x00000006c0000000, 0x00000006c6f00000, 0x000000076ab00000)
  object space 113664K, 11% used [0x00000006c0000000,0x00000006c0cffd18,0x00000006c6f00000)
 Metaspace       used 31807K, capacity 34000K, committed 34176K, reserved 1079296K
  class space    used 4280K, capacity 4677K, committed 4736K, reserved 1048576K
GC Heap History (8 events):
Event: 0.587 GC heap before
{Heap before GC invocations=1 (full 0):
 PSYoungGen      total 76288K, used 65536K [0x000000076ab00000, 0x0000000770000000, 0x00000007c0000000)
  eden space 65536K, 100% used [0x000000076ab00000,0x000000076eb00000,0x000000076eb00000)
  from space 10752K, 0% used [0x000000076f580000,0x000000076f580000,0x0000000770000000)
  to   space 10752K, 0% used [0x000000076eb00000,0x000000076eb00000,0x000000076f580000)
 ParOldGen       total 175104K, used 0K [0x00000006c0000000, 0x00000006cab00000, 0x000000076ab00000)
  object space 175104K, 0% used [0x00000006c0000000,0x00000006c0000000,0x00000006cab00000)
 Metaspace       used 15283K, capacity 15964K, committed 16000K, reserved 1062912K
  class space    used 1986K, capacity 2172K, committed 2176K, reserved 1048576K
Event: 0.596 GC heap after
Heap after GC invocations=1 (full 0):
 PSYoungGen      total 76288K, used 9045K [0x000000076ab00000, 0x0000000774000000, 0x00000007c0000000)
  eden space 65536K, 0% used [0x000000076ab00000,0x000000076ab00000,0x000000076eb00000)
  from space 10752K, 84% used [0x000000076eb00000,0x000000076f3d55c0,0x000000076f580000)
  to   space 10752K, 0% used [0x0000000773580000,0x0000000773580000,0x0000000774000000)
 ParOldGen       total 175104K, used 16K [0x00000006c0000000, 0x00000006cab00000, 0x000000076ab00000)
  object space 175104K, 0% used [0x00000006c0000000,0x00000006c0004000,0x00000006cab00000)
 Metaspace       used 15283K, capacity 15964K, committed 16000K, reserved 1062912K
  class space    used 1986K, capacity 2172K, committed 2176K, reserved 1048576K
}
Event: 0.802 GC heap before
{Heap before GC invocations=2 (full 0):
 PSYoungGen      total 76288K, used 68182K [0x000000076ab00000, 0x0000000774000000, 0x00000007c0000000)
  eden space 65536K, 90% used [0x000000076ab00000,0x000000076e4c02c8,0x000000076eb00000)
  from space 10752K, 84% used [0x000000076eb00000,0x000000076f3d55c0,0x000000076f580000)
  to   space 10752K, 0% used [0x0000000773580000,0x0000000773580000,0x0000000774000000)
 ParOldGen       total 175104K, used 16K [0x00000006c0000000, 0x00000006cab00000, 0x000000076ab00000)
  object space 175104K, 0% used [0x00000006c0000000,0x00000006c0004000,0x00000006cab00000)
 Metaspace       used 20255K, capacity 21234K, committed 21296K, reserved 1067008K
  class space    used 2672K, capacity 2901K, committed 2944K, reserved 1048576K
Event: 0.809 GC heap after
Heap after GC invocations=2 (full 0):
 PSYoungGen      total 141824K, used 10728K [0x000000076ab00000, 0x0000000774000000, 0x00000007c0000000)
  eden space 131072K, 0% used [0x000000076ab00000,0x000000076ab00000,0x0000000772b00000)
  from space 10752K, 99% used [0x0000000773580000,0x0000000773ffa1e0,0x0000000774000000)
  to   space 10752K, 0% used [0x0000000772b00000,0x0000000772b00000,0x0000000773580000)
 ParOldGen       total 175104K, used 196K [0x00000006c0000000, 0x00000006cab00000, 0x000000076ab00000)
  object space 175104K, 0% used [0x00000006c0000000,0x00000006c0031118,0x00000006cab00000)
 Metaspace       used 20255K, capacity 21234K, committed 21296K, reserved 1067008K
  class space    used 2672K, capacity 2901K, committed 2944K, reserved 1048576K
}
Event: 0.809 GC heap before
{Heap before GC invocations=3 (full 1):
 PSYoungGen      total 141824K, used 10728K [0x000000076ab00000, 0x0000000774000000, 0x00000007c0000000)
  eden space 131072K, 0% used [0x000000076ab00000,0x000000076ab00000,0x0000000772b00000)
  from space 10752K, 99% used [0x0000000773580000,0x0000000773ffa1e0,0x0000000774000000)
  to   space 10752K, 0% used [0x0000000772b00000,0x0000000772b00000,0x0000000773580000)
 ParOldGen       total 175104K, used 196K [0x00000006c0000000, 0x00000006cab00000, 0x000000076ab00000)
  object space 175104K, 0% used [0x00000006c0000000,0x00000006c0031118,0x00000006cab00000)
 Metaspace       used 20255K, capacity 21234K, committed 21296K, reserved 1067008K
  class space    used 2672K, capacity 2901K, committed 2944K, reserved 1048576K
Event: 0.836 GC heap after
Heap after GC invocations=3 (full 1):
 PSYoungGen      total 141824K, used 0K [0x000000076ab00000, 0x0000000774000000, 0x00000007c0000000)
  eden space 131072K, 0% used [0x000000076ab00000,0x000000076ab00000,0x0000000772b00000)
  from space 10752K, 0% used [0x0000000773580000,0x0000000773580000,0x0000000774000000)
  to   space 10752K, 0% used [0x0000000772b00000,0x0000000772b00000,0x0000000773580000)
 ParOldGen       total 113664K, used 10423K [0x00000006c0000000, 0x00000006c6f00000, 0x000000076ab00000)
  object space 113664K, 9% used [0x00000006c0000000,0x00000006c0a2de78,0x00000006c6f00000)
 Metaspace       used 20255K, capacity 21234K, committed 21296K, reserved 1067008K
  class space    used 2672K, capacity 2901K, committed 2944K, reserved 1048576K
}
Event: 5.328 GC heap before
{Heap before GC invocations=4 (full 1):
 PSYoungGen      total 141824K, used 131072K [0x000000076ab00000, 0x0000000774000000, 0x00000007c0000000)
  eden space 131072K, 100% used [0x000000076ab00000,0x0000000772b00000,0x0000000772b00000)
  from space 10752K, 0% used [0x0000000773580000,0x0000000773580000,0x0000000774000000)
  to   space 10752K, 0% used [0x0000000772b00000,0x0000000772b00000,0x0000000773580000)
 ParOldGen       total 113664K, used 10423K [0x00000006c0000000, 0x00000006c6f00000, 0x000000076ab00000)
  object space 113664K, 9% used [0x00000006c0000000,0x00000006c0a2de78,0x00000006c6f00000)
 Metaspace       used 31024K, capacity 33232K, committed 33536K, reserved 1079296K
  class space    used 4135K, capacity 4549K, committed 4608K, reserved 1048576K
Event: 5.390 GC heap after
Heap after GC invocations=4 (full 1):
 PSYoungGen      total 141824K, used 10734K [0x000000076ab00000, 0x0000000777280000, 0x00000007c0000000)
  eden space 131072K, 0% used [0x000000076ab00000,0x000000076ab00000,0x0000000772b00000)
  from space 10752K, 99% used [0x0000000772b00000,0x000000077357bac8,0x0000000773580000)
  to   space 10752K, 0% used [0x0000000776800000,0x0000000776800000,0x0000000777280000)
 ParOldGen       total 113664K, used 13311K [0x00000006c0000000, 0x00000006c6f00000, 0x000000076ab00000)
  object space 113664K, 11% used [0x00000006c0000000,0x00000006c0cffd18,0x00000006c6f00000)
 Metaspace       used 31024K, capacity 33232K, committed 33536K, reserved 1079296K
  class space    used 4135K, capacity 4549K, committed 4608K, reserved 1048576K
}

